2015-03-21 11:46:00,661 [Worker-3] WARN  o.e.a.i.i.DefaultUpdateCheckManager - Failed to write tracking file /Network/Servers/royal.cs.mtholyoke.edu/userhomes/stark23s/Documents/Insight/.recommenders/repository/http___download_eclipse_org_recommenders_models_luna_/org/eclipse/recommenders/index/0.0.0-SNAPSHOT/resolver-status.properties
java.io.IOException: Operation not supported
	at sun.nio.ch.FileDispatcherImpl.lock0(Native Method) ~[na:1.8.0_20]
	at sun.nio.ch.FileDispatcherImpl.lock(FileDispatcherImpl.java:90) ~[na:1.8.0_20]
	at sun.nio.ch.FileChannelImpl.lock(FileChannelImpl.java:1040) ~[na:1.8.0_20]
	at org.eclipse.aether.internal.impl.TrackingFileManager.lock(TrackingFileManager.java:203) ~[org.eclipse.aether.impl_1.0.0.v20140518.jar:na]
	at org.eclipse.aether.internal.impl.TrackingFileManager.update(TrackingFileManager.java:97) ~[org.eclipse.aether.impl_1.0.0.v20140518.jar:na]
	at org.eclipse.aether.internal.impl.DefaultUpdateCheckManager.write(DefaultUpdateCheckManager.java:617) [org.eclipse.aether.impl_1.0.0.v20140518.jar:na]
	at org.eclipse.aether.internal.impl.DefaultUpdateCheckManager.touchMetadata(DefaultUpdateCheckManager.java:584) [org.eclipse.aether.impl_1.0.0.v20140518.jar:na]
	at org.eclipse.aether.internal.impl.DefaultMetadataResolver$ResolveTask.run(DefaultMetadataResolver.java:641) [org.eclipse.aether.impl_1.0.0.v20140518.jar:na]
	at org.eclipse.aether.util.concurrency.RunnableErrorForwarder$1.run(RunnableErrorForwarder.java:67) [org.eclipse.aether.util_1.0.0.v20140518.jar:na]
	at org.eclipse.aether.internal.impl.DefaultMetadataResolver$1.execute(DefaultMetadataResolver.java:527) [org.eclipse.aether.impl_1.0.0.v20140518.jar:na]
	at org.eclipse.aether.internal.impl.DefaultMetadataResolver.resolve(DefaultMetadataResolver.java:382) [org.eclipse.aether.impl_1.0.0.v20140518.jar:na]
	at org.eclipse.aether.internal.impl.DefaultMetadataResolver.resolveMetadata(DefaultMetadataResolver.java:205) [org.eclipse.aether.impl_1.0.0.v20140518.jar:na]
	at org.apache.maven.repository.internal.DefaultVersionResolver.resolveVersion(DefaultVersionResolver.java:250) [maven-aether-provider-3.1.0.jar:3.1.0]
	at org.eclipse.aether.internal.impl.DefaultArtifactResolver.resolve(DefaultArtifactResolver.java:302) [org.eclipse.aether.impl_1.0.0.v20140518.jar:na]
	at org.eclipse.aether.internal.impl.DefaultArtifactResolver.resolveArtifacts(DefaultArtifactResolver.java:246) [org.eclipse.aether.impl_1.0.0.v20140518.jar:na]
	at org.eclipse.aether.internal.impl.DefaultArtifactResolver.resolveArtifact(DefaultArtifactResolver.java:223) [org.eclipse.aether.impl_1.0.0.v20140518.jar:na]
	at org.eclipse.aether.internal.impl.DefaultRepositorySystem.resolveArtifact(DefaultRepositorySystem.java:294) [org.eclipse.aether.impl_1.0.0.v20140518.jar:na]
	at org.eclipse.recommenders.models.ModelRepository.resolveInternal(ModelRepository.java:180) [org.eclipse.recommenders.models_2.1.0.v20140526-1706.jar:na]
	at org.eclipse.recommenders.models.ModelRepository.resolve(ModelRepository.java:162) [org.eclipse.recommenders.models_2.1.0.v20140526-1706.jar:na]
	at org.eclipse.recommenders.internal.models.rcp.EclipseModelRepository.resolve(EclipseModelRepository.java:154) [org.eclipse.recommenders.models.rcp_2.1.0.v20140602-1202.jar:na]
	at org.eclipse.recommenders.internal.models.rcp.DownloadModelArchiveJob.run(DownloadModelArchiveJob.java:76) [org.eclipse.recommenders.models.rcp_2.1.0.v20140602-1202.jar:na]
	at org.eclipse.core.internal.jobs.Worker.run(Worker.java:54) [org.eclipse.core.jobs_3.6.0.v20140424-0053.jar:na]
